{"/home/guilherme_krause/dev/estacao-meteriologica/src/app.js": {"path":"/home/guilherme_krause/dev/estacao-meteriologica/src/app.js","statementMap":{"0":{"start":{"line":6,"column":12},"end":{"line":6,"column":21}},"1":{"start":{"line":8,"column":0},"end":{"line":8,"column":16}},"2":{"start":{"line":14,"column":0},"end":{"line":14,"column":24}},"3":{"start":{"line":15,"column":0},"end":{"line":15,"column":12}}},"fnMap":{},"branchMap":{},"s":{"0":2,"1":2,"2":2,"3":2},"f":{},"b":{},"_coverageSchema":"1a1c01bbd47fc00a2c39e90264f33305004495a9","hash":"6eb2e29a711e7f227ce7c5e310c93e5e6f6bdfe2"}
,"/home/guilherme_krause/dev/estacao-meteriologica/src/configs/prismaClient.js": {"path":"/home/guilherme_krause/dev/estacao-meteriologica/src/configs/prismaClient.js","statementMap":{"0":{"start":{"line":5,"column":15},"end":{"line":5,"column":33}}},"fnMap":{},"branchMap":{},"s":{"0":3},"f":{},"b":{},"_coverageSchema":"1a1c01bbd47fc00a2c39e90264f33305004495a9","hash":"8e75340e1a2f48971ef7197dfdd8d30e9447976a"}
,"/home/guilherme_krause/dev/estacao-meteriologica/src/controllers/autenticacaoController.js": {"path":"/home/guilherme_krause/dev/estacao-meteriologica/src/controllers/autenticacaoController.js","statementMap":{"0":{"start":{"line":5,"column":17},"end":{"line":27,"column":3}},"1":{"start":{"line":6,"column":4},"end":{"line":25,"column":5}},"2":{"start":{"line":7,"column":31},"end":{"line":7,"column":39}},"3":{"start":{"line":8,"column":19},"end":{"line":8,"column":35}},"4":{"start":{"line":9,"column":23},"end":{"line":9,"column":66}},"5":{"start":{"line":11,"column":6},"end":{"line":17,"column":8}},"6":{"start":{"line":19,"column":6},"end":{"line":24,"column":8}}},"fnMap":{"0":{"name":"(anonymous_0)","decl":{"start":{"line":5,"column":17},"end":{"line":5,"column":18}},"loc":{"start":{"line":5,"column":37},"end":{"line":27,"column":3}},"line":5}},"branchMap":{},"s":{"0":2,"1":0,"2":0,"3":0,"4":0,"5":0,"6":0},"f":{"0":0},"b":{},"_coverageSchema":"1a1c01bbd47fc00a2c39e90264f33305004495a9","hash":"d506450763808ba5e994f90e671633ec6e4f2ff1"}
,"/home/guilherme_krause/dev/estacao-meteriologica/src/controllers/dadosController.js": {"path":"/home/guilherme_krause/dev/estacao-meteriologica/src/controllers/dadosController.js","statementMap":{"0":{"start":{"line":5,"column":8},"end":{"line":25,"column":9}},"1":{"start":{"line":6,"column":83},"end":{"line":6,"column":92}},"2":{"start":{"line":8,"column":27},"end":{"line":14,"column":13}},"3":{"start":{"line":16,"column":29},"end":{"line":16,"column":62}},"4":{"start":{"line":18,"column":12},"end":{"line":18,"column":34}},"5":{"start":{"line":20,"column":12},"end":{"line":20,"column":42}},"6":{"start":{"line":23,"column":12},"end":{"line":23,"column":30}},"7":{"start":{"line":24,"column":12},"end":{"line":24,"column":46}},"8":{"start":{"line":29,"column":8},"end":{"line":50,"column":9}},"9":{"start":{"line":30,"column":72},"end":{"line":30,"column":80}},"10":{"start":{"line":32,"column":25},"end":{"line":38,"column":13}},"11":{"start":{"line":40,"column":29},"end":{"line":40,"column":61}},"12":{"start":{"line":42,"column":12},"end":{"line":47,"column":15}},"13":{"start":{"line":49,"column":12},"end":{"line":49,"column":54}}},"fnMap":{"0":{"name":"(anonymous_0)","decl":{"start":{"line":4,"column":4},"end":{"line":4,"column":5}},"loc":{"start":{"line":4,"column":34},"end":{"line":26,"column":5}},"line":4},"1":{"name":"(anonymous_1)","decl":{"start":{"line":28,"column":4},"end":{"line":28,"column":5}},"loc":{"start":{"line":28,"column":35},"end":{"line":51,"column":5}},"line":28}},"branchMap":{},"s":{"0":0,"1":0,"2":0,"3":0,"4":0,"5":0,"6":0,"7":0,"8":0,"9":0,"10":0,"11":0,"12":0,"13":0},"f":{"0":0,"1":0},"b":{},"_coverageSchema":"1a1c01bbd47fc00a2c39e90264f33305004495a9","hash":"e4daf1d671ee6115564128491cafcbb38f633983"}
,"/home/guilherme_krause/dev/estacao-meteriologica/src/controllers/estacaoController.js": {"path":"/home/guilherme_krause/dev/estacao-meteriologica/src/controllers/estacaoController.js","statementMap":{"0":{"start":{"line":6,"column":0},"end":{"line":6,"column":13}},"1":{"start":{"line":10,"column":18},"end":{"line":32,"column":3}},"2":{"start":{"line":11,"column":4},"end":{"line":31,"column":5}},"3":{"start":{"line":12,"column":82},"end":{"line":12,"column":91}},"4":{"start":{"line":14,"column":21},"end":{"line":23,"column":7}},"5":{"start":{"line":25,"column":23},"end":{"line":25,"column":58}},"6":{"start":{"line":27,"column":6},"end":{"line":27,"column":36}},"7":{"start":{"line":30,"column":6},"end":{"line":30,"column":40}},"8":{"start":{"line":34,"column":23},"end":{"line":70,"column":3}},"9":{"start":{"line":35,"column":4},"end":{"line":69,"column":5}},"10":{"start":{"line":36,"column":22},"end":{"line":52,"column":7}},"11":{"start":{"line":53,"column":6},"end":{"line":55,"column":7}},"12":{"start":{"line":54,"column":8},"end":{"line":54,"column":50}},"13":{"start":{"line":56,"column":6},"end":{"line":61,"column":9}},"14":{"start":{"line":63,"column":6},"end":{"line":63,"column":25}},"15":{"start":{"line":64,"column":6},"end":{"line":68,"column":9}},"16":{"start":{"line":72,"column":21},"end":{"line":127,"column":3}},"17":{"start":{"line":73,"column":4},"end":{"line":125,"column":5}},"18":{"start":{"line":74,"column":21},"end":{"line":74,"column":31}},"19":{"start":{"line":75,"column":20},"end":{"line":75,"column":32}},"20":{"start":{"line":76,"column":26},"end":{"line":80,"column":8}},"21":{"start":{"line":81,"column":6},"end":{"line":87,"column":7}},"22":{"start":{"line":82,"column":8},"end":{"line":86,"column":11}},"23":{"start":{"line":88,"column":6},"end":{"line":96,"column":7}},"24":{"start":{"line":89,"column":8},"end":{"line":95,"column":9}},"25":{"start":{"line":90,"column":10},"end":{"line":94,"column":13}},"26":{"start":{"line":97,"column":32},"end":{"line":112,"column":8}},"27":{"start":{"line":113,"column":6},"end":{"line":118,"column":9}},"28":{"start":{"line":120,"column":6},"end":{"line":124,"column":9}},"29":{"start":{"line":129,"column":21},"end":{"line":163,"column":3}},"30":{"start":{"line":130,"column":4},"end":{"line":162,"column":5}},"31":{"start":{"line":131,"column":78},"end":{"line":131,"column":86}},"32":{"start":{"line":132,"column":20},"end":{"line":132,"column":22}},"33":{"start":{"line":134,"column":19},"end":{"line":142,"column":7}},"34":{"start":{"line":144,"column":6},"end":{"line":150,"column":7}},"35":{"start":{"line":145,"column":8},"end":{"line":149,"column":11}},"36":{"start":{"line":152,"column":23},"end":{"line":152,"column":57}},"37":{"start":{"line":154,"column":6},"end":{"line":159,"column":9}},"38":{"start":{"line":161,"column":6},"end":{"line":161,"column":48}},"39":{"start":{"line":165,"column":19},"end":{"line":202,"column":3}},"40":{"start":{"line":166,"column":19},"end":{"line":166,"column":29}},"41":{"start":{"line":167,"column":18},"end":{"line":167,"column":30}},"42":{"start":{"line":168,"column":4},"end":{"line":201,"column":5}},"43":{"start":{"line":169,"column":26},"end":{"line":173,"column":8}},"44":{"start":{"line":174,"column":6},"end":{"line":193,"column":7}},"45":{"start":{"line":175,"column":8},"end":{"line":179,"column":11}},"46":{"start":{"line":180,"column":8},"end":{"line":180,"column":15}},"47":{"start":{"line":182,"column":30},"end":{"line":186,"column":10}},"48":{"start":{"line":187,"column":8},"end":{"line":192,"column":11}},"49":{"start":{"line":196,"column":6},"end":{"line":200,"column":9}}},"fnMap":{"0":{"name":"(anonymous_0)","decl":{"start":{"line":10,"column":18},"end":{"line":10,"column":19}},"loc":{"start":{"line":10,"column":38},"end":{"line":32,"column":3}},"line":10},"1":{"name":"(anonymous_1)","decl":{"start":{"line":34,"column":23},"end":{"line":34,"column":24}},"loc":{"start":{"line":34,"column":43},"end":{"line":70,"column":3}},"line":34},"2":{"name":"(anonymous_2)","decl":{"start":{"line":72,"column":21},"end":{"line":72,"column":22}},"loc":{"start":{"line":72,"column":41},"end":{"line":127,"column":3}},"line":72},"3":{"name":"(anonymous_3)","decl":{"start":{"line":129,"column":21},"end":{"line":129,"column":22}},"loc":{"start":{"line":129,"column":41},"end":{"line":163,"column":3}},"line":129},"4":{"name":"(anonymous_4)","decl":{"start":{"line":165,"column":19},"end":{"line":165,"column":20}},"loc":{"start":{"line":165,"column":39},"end":{"line":202,"column":3}},"line":165}},"branchMap":{"0":{"loc":{"start":{"line":53,"column":6},"end":{"line":55,"column":7}},"type":"if","locations":[{"start":{"line":53,"column":6},"end":{"line":55,"column":7}},{"start":{},"end":{}}],"line":53},"1":{"loc":{"start":{"line":81,"column":6},"end":{"line":87,"column":7}},"type":"if","locations":[{"start":{"line":81,"column":6},"end":{"line":87,"column":7}},{"start":{},"end":{}}],"line":81},"2":{"loc":{"start":{"line":89,"column":8},"end":{"line":95,"column":9}},"type":"if","locations":[{"start":{"line":89,"column":8},"end":{"line":95,"column":9}},{"start":{},"end":{}}],"line":89},"3":{"loc":{"start":{"line":144,"column":6},"end":{"line":150,"column":7}},"type":"if","locations":[{"start":{"line":144,"column":6},"end":{"line":150,"column":7}},{"start":{},"end":{}}],"line":144},"4":{"loc":{"start":{"line":174,"column":6},"end":{"line":193,"column":7}},"type":"if","locations":[{"start":{"line":174,"column":6},"end":{"line":193,"column":7}},{"start":{"line":181,"column":13},"end":{"line":193,"column":7}}],"line":174}},"s":{"0":2,"1":2,"2":0,"3":0,"4":0,"5":0,"6":0,"7":0,"8":2,"9":0,"10":0,"11":0,"12":0,"13":0,"14":0,"15":0,"16":2,"17":0,"18":0,"19":0,"20":0,"21":0,"22":0,"23":0,"24":0,"25":0,"26":0,"27":0,"28":0,"29":2,"30":0,"31":0,"32":0,"33":0,"34":0,"35":0,"36":0,"37":0,"38":0,"39":2,"40":0,"41":0,"42":0,"43":0,"44":0,"45":0,"46":0,"47":0,"48":0,"49":0},"f":{"0":0,"1":0,"2":0,"3":0,"4":0},"b":{"0":[0,0],"1":[0,0],"2":[0,0],"3":[0,0],"4":[0,0]},"_coverageSchema":"1a1c01bbd47fc00a2c39e90264f33305004495a9","hash":"242c006caf208df66d910b38d35eab83121fc234"}
,"/home/guilherme_krause/dev/estacao-meteriologica/src/controllers/usuarioController.js": {"path":"/home/guilherme_krause/dev/estacao-meteriologica/src/controllers/usuarioController.js","statementMap":{"0":{"start":{"line":4,"column":23},"end":{"line":69,"column":5}},"1":{"start":{"line":5,"column":8},"end":{"line":68,"column":9}},"2":{"start":{"line":6,"column":50},"end":{"line":6,"column":58}},"3":{"start":{"line":7,"column":26},"end":{"line":7,"column":28}},"4":{"start":{"line":9,"column":12},"end":{"line":11,"column":13}},"5":{"start":{"line":10,"column":16},"end":{"line":10,"column":86}},"6":{"start":{"line":12,"column":12},"end":{"line":14,"column":13}},"7":{"start":{"line":13,"column":16},"end":{"line":13,"column":87}},"8":{"start":{"line":15,"column":12},"end":{"line":17,"column":13}},"9":{"start":{"line":16,"column":16},"end":{"line":16,"column":87}},"10":{"start":{"line":18,"column":12},"end":{"line":20,"column":13}},"11":{"start":{"line":19,"column":16},"end":{"line":19,"column":87}},"12":{"start":{"line":23,"column":12},"end":{"line":29,"column":13}},"13":{"start":{"line":24,"column":16},"end":{"line":28,"column":19}},"14":{"start":{"line":32,"column":30},"end":{"line":36,"column":14}},"15":{"start":{"line":38,"column":12},"end":{"line":44,"column":13}},"16":{"start":{"line":39,"column":16},"end":{"line":43,"column":19}},"17":{"start":{"line":46,"column":35},"end":{"line":53,"column":14}},"18":{"start":{"line":55,"column":12},"end":{"line":60,"column":15}},"19":{"start":{"line":62,"column":12},"end":{"line":62,"column":31}},"20":{"start":{"line":63,"column":12},"end":{"line":67,"column":15}},"21":{"start":{"line":71,"column":23},"end":{"line":122,"column":5}},"22":{"start":{"line":72,"column":8},"end":{"line":120,"column":9}},"23":{"start":{"line":73,"column":27},"end":{"line":73,"column":37}},"24":{"start":{"line":74,"column":26},"end":{"line":74,"column":38}},"25":{"start":{"line":75,"column":32},"end":{"line":79,"column":14}},"26":{"start":{"line":80,"column":12},"end":{"line":86,"column":13}},"27":{"start":{"line":81,"column":16},"end":{"line":85,"column":19}},"28":{"start":{"line":87,"column":12},"end":{"line":95,"column":13}},"29":{"start":{"line":88,"column":16},"end":{"line":94,"column":17}},"30":{"start":{"line":89,"column":20},"end":{"line":93,"column":23}},"31":{"start":{"line":96,"column":38},"end":{"line":107,"column":14}},"32":{"start":{"line":108,"column":12},"end":{"line":113,"column":15}},"33":{"start":{"line":115,"column":12},"end":{"line":119,"column":15}},"34":{"start":{"line":124,"column":21},"end":{"line":169,"column":5}},"35":{"start":{"line":125,"column":23},"end":{"line":125,"column":33}},"36":{"start":{"line":126,"column":22},"end":{"line":126,"column":34}},"37":{"start":{"line":127,"column":8},"end":{"line":168,"column":9}},"38":{"start":{"line":128,"column":32},"end":{"line":132,"column":14}},"39":{"start":{"line":133,"column":12},"end":{"line":140,"column":13}},"40":{"start":{"line":134,"column":16},"end":{"line":138,"column":19}},"41":{"start":{"line":139,"column":16},"end":{"line":139,"column":23}},"42":{"start":{"line":141,"column":32},"end":{"line":145,"column":14}},"43":{"start":{"line":146,"column":12},"end":{"line":161,"column":13}},"44":{"start":{"line":147,"column":35},"end":{"line":151,"column":18}},"45":{"start":{"line":152,"column":16},"end":{"line":154,"column":19}},"46":{"start":{"line":156,"column":16},"end":{"line":160,"column":19}},"47":{"start":{"line":163,"column":12},"end":{"line":167,"column":15}}},"fnMap":{"0":{"name":"(anonymous_0)","decl":{"start":{"line":4,"column":23},"end":{"line":4,"column":24}},"loc":{"start":{"line":4,"column":43},"end":{"line":69,"column":5}},"line":4},"1":{"name":"(anonymous_1)","decl":{"start":{"line":71,"column":23},"end":{"line":71,"column":24}},"loc":{"start":{"line":71,"column":43},"end":{"line":122,"column":5}},"line":71},"2":{"name":"(anonymous_2)","decl":{"start":{"line":124,"column":21},"end":{"line":124,"column":22}},"loc":{"start":{"line":124,"column":41},"end":{"line":169,"column":5}},"line":124}},"branchMap":{"0":{"loc":{"start":{"line":9,"column":12},"end":{"line":11,"column":13}},"type":"if","locations":[{"start":{"line":9,"column":12},"end":{"line":11,"column":13}},{"start":{},"end":{}}],"line":9},"1":{"loc":{"start":{"line":12,"column":12},"end":{"line":14,"column":13}},"type":"if","locations":[{"start":{"line":12,"column":12},"end":{"line":14,"column":13}},{"start":{},"end":{}}],"line":12},"2":{"loc":{"start":{"line":15,"column":12},"end":{"line":17,"column":13}},"type":"if","locations":[{"start":{"line":15,"column":12},"end":{"line":17,"column":13}},{"start":{},"end":{}}],"line":15},"3":{"loc":{"start":{"line":18,"column":12},"end":{"line":20,"column":13}},"type":"if","locations":[{"start":{"line":18,"column":12},"end":{"line":20,"column":13}},{"start":{},"end":{}}],"line":18},"4":{"loc":{"start":{"line":23,"column":12},"end":{"line":29,"column":13}},"type":"if","locations":[{"start":{"line":23,"column":12},"end":{"line":29,"column":13}},{"start":{},"end":{}}],"line":23},"5":{"loc":{"start":{"line":38,"column":12},"end":{"line":44,"column":13}},"type":"if","locations":[{"start":{"line":38,"column":12},"end":{"line":44,"column":13}},{"start":{},"end":{}}],"line":38},"6":{"loc":{"start":{"line":80,"column":12},"end":{"line":86,"column":13}},"type":"if","locations":[{"start":{"line":80,"column":12},"end":{"line":86,"column":13}},{"start":{},"end":{}}],"line":80},"7":{"loc":{"start":{"line":88,"column":16},"end":{"line":94,"column":17}},"type":"if","locations":[{"start":{"line":88,"column":16},"end":{"line":94,"column":17}},{"start":{},"end":{}}],"line":88},"8":{"loc":{"start":{"line":133,"column":12},"end":{"line":140,"column":13}},"type":"if","locations":[{"start":{"line":133,"column":12},"end":{"line":140,"column":13}},{"start":{},"end":{}}],"line":133},"9":{"loc":{"start":{"line":146,"column":12},"end":{"line":161,"column":13}},"type":"if","locations":[{"start":{"line":146,"column":12},"end":{"line":161,"column":13}},{"start":{"line":155,"column":19},"end":{"line":161,"column":13}}],"line":146}},"s":{"0":2,"1":0,"2":0,"3":0,"4":0,"5":0,"6":0,"7":0,"8":0,"9":0,"10":0,"11":0,"12":0,"13":0,"14":0,"15":0,"16":0,"17":0,"18":0,"19":0,"20":0,"21":2,"22":0,"23":0,"24":0,"25":0,"26":0,"27":0,"28":0,"29":0,"30":0,"31":0,"32":0,"33":0,"34":2,"35":0,"36":0,"37":0,"38":0,"39":0,"40":0,"41":0,"42":0,"43":0,"44":0,"45":0,"46":0,"47":0},"f":{"0":0,"1":0,"2":0},"b":{"0":[0,0],"1":[0,0],"2":[0,0],"3":[0,0],"4":[0,0],"5":[0,0],"6":[0,0],"7":[0,0],"8":[0,0],"9":[0,0]},"_coverageSchema":"1a1c01bbd47fc00a2c39e90264f33305004495a9","hash":"5f534674351e04811c4b206d9bf302914cbd3583"}
,"/home/guilherme_krause/dev/estacao-meteriologica/src/middleware/authenticationUser.js": {"path":"/home/guilherme_krause/dev/estacao-meteriologica/src/middleware/authenticationUser.js","statementMap":{"0":{"start":{"line":4,"column":23},"end":{"line":17,"column":1}},"1":{"start":{"line":5,"column":22},"end":{"line":5,"column":47}},"2":{"start":{"line":6,"column":2},"end":{"line":16,"column":3}},"3":{"start":{"line":7,"column":4},"end":{"line":7,"column":55}},"4":{"start":{"line":9,"column":18},"end":{"line":9,"column":43}},"5":{"start":{"line":10,"column":4},"end":{"line":15,"column":5}},"6":{"start":{"line":11,"column":6},"end":{"line":11,"column":47}},"7":{"start":{"line":12,"column":6},"end":{"line":12,"column":12}},"8":{"start":{"line":14,"column":6},"end":{"line":14,"column":53}}},"fnMap":{"0":{"name":"(anonymous_0)","decl":{"start":{"line":4,"column":23},"end":{"line":4,"column":24}},"loc":{"start":{"line":4,"column":41},"end":{"line":17,"column":1}},"line":4}},"branchMap":{"0":{"loc":{"start":{"line":6,"column":2},"end":{"line":16,"column":3}},"type":"if","locations":[{"start":{"line":6,"column":2},"end":{"line":16,"column":3}},{"start":{"line":8,"column":7},"end":{"line":16,"column":3}}],"line":6},"1":{"loc":{"start":{"line":6,"column":5},"end":{"line":6,"column":55}},"type":"binary-expr","locations":[{"start":{"line":6,"column":5},"end":{"line":6,"column":17}},{"start":{"line":6,"column":21},"end":{"line":6,"column":55}}],"line":6}},"s":{"0":2,"1":0,"2":0,"3":0,"4":0,"5":0,"6":0,"7":0,"8":0},"f":{"0":0},"b":{"0":[0,0],"1":[0,0]},"_coverageSchema":"1a1c01bbd47fc00a2c39e90264f33305004495a9","hash":"25c12f2e303ba13092ad762b4669086c8b8570aa"}
,"/home/guilherme_krause/dev/estacao-meteriologica/src/repositories/dadosRepository.js": {"path":"/home/guilherme_krause/dev/estacao-meteriologica/src/repositories/dadosRepository.js","statementMap":{"0":{"start":{"line":5,"column":8},"end":{"line":5,"column":70}},"1":{"start":{"line":9,"column":8},"end":{"line":9,"column":65}},"2":{"start":{"line":13,"column":8},"end":{"line":13,"column":74}},"3":{"start":{"line":17,"column":8},"end":{"line":17,"column":68}}},"fnMap":{"0":{"name":"(anonymous_0)","decl":{"start":{"line":4,"column":4},"end":{"line":4,"column":5}},"loc":{"start":{"line":4,"column":34},"end":{"line":6,"column":5}},"line":4},"1":{"name":"(anonymous_1)","decl":{"start":{"line":8,"column":4},"end":{"line":8,"column":5}},"loc":{"start":{"line":8,"column":30},"end":{"line":10,"column":5}},"line":8},"2":{"name":"(anonymous_2)","decl":{"start":{"line":12,"column":4},"end":{"line":12,"column":5}},"loc":{"start":{"line":12,"column":34},"end":{"line":14,"column":5}},"line":12},"3":{"name":"(anonymous_3)","decl":{"start":{"line":16,"column":4},"end":{"line":16,"column":5}},"loc":{"start":{"line":16,"column":28},"end":{"line":18,"column":5}},"line":16}},"branchMap":{},"s":{"0":0,"1":0,"2":0,"3":0},"f":{"0":0,"1":0,"2":0,"3":0},"b":{},"_coverageSchema":"1a1c01bbd47fc00a2c39e90264f33305004495a9","hash":"67f6dc53d41086089e14d8bc4db60429d011be6e"}
,"/home/guilherme_krause/dev/estacao-meteriologica/src/repositories/estacaoRepository.js": {"path":"/home/guilherme_krause/dev/estacao-meteriologica/src/repositories/estacaoRepository.js","statementMap":{"0":{"start":{"line":5,"column":8},"end":{"line":7,"column":11}},"1":{"start":{"line":11,"column":8},"end":{"line":11,"column":59}},"2":{"start":{"line":15,"column":8},"end":{"line":15,"column":68}},"3":{"start":{"line":19,"column":8},"end":{"line":19,"column":62}}},"fnMap":{"0":{"name":"(anonymous_0)","decl":{"start":{"line":4,"column":4},"end":{"line":4,"column":5}},"loc":{"start":{"line":4,"column":34},"end":{"line":8,"column":5}},"line":4},"1":{"name":"(anonymous_1)","decl":{"start":{"line":10,"column":4},"end":{"line":10,"column":5}},"loc":{"start":{"line":10,"column":30},"end":{"line":12,"column":5}},"line":10},"2":{"name":"(anonymous_2)","decl":{"start":{"line":14,"column":4},"end":{"line":14,"column":5}},"loc":{"start":{"line":14,"column":34},"end":{"line":16,"column":5}},"line":14},"3":{"name":"(anonymous_3)","decl":{"start":{"line":18,"column":4},"end":{"line":18,"column":5}},"loc":{"start":{"line":18,"column":28},"end":{"line":20,"column":5}},"line":18}},"branchMap":{},"s":{"0":0,"1":0,"2":0,"3":0},"f":{"0":0,"1":0,"2":0,"3":0},"b":{},"_coverageSchema":"1a1c01bbd47fc00a2c39e90264f33305004495a9","hash":"d5e089b71807c7753815d63b347302a8947844d4"}
,"/home/guilherme_krause/dev/estacao-meteriologica/src/repositories/usuarioRepository.js": {"path":"/home/guilherme_krause/dev/estacao-meteriologica/src/repositories/usuarioRepository.js","statementMap":{"0":{"start":{"line":5,"column":8},"end":{"line":11,"column":9}},"1":{"start":{"line":6,"column":12},"end":{"line":8,"column":15}},"2":{"start":{"line":10,"column":12},"end":{"line":10,"column":23}},"3":{"start":{"line":15,"column":8},"end":{"line":15,"column":53}},"4":{"start":{"line":19,"column":8},"end":{"line":19,"column":68}},"5":{"start":{"line":23,"column":8},"end":{"line":23,"column":62}}},"fnMap":{"0":{"name":"(anonymous_0)","decl":{"start":{"line":4,"column":4},"end":{"line":4,"column":5}},"loc":{"start":{"line":4,"column":35},"end":{"line":12,"column":5}},"line":4},"1":{"name":"(anonymous_1)","decl":{"start":{"line":14,"column":4},"end":{"line":14,"column":5}},"loc":{"start":{"line":14,"column":30},"end":{"line":16,"column":5}},"line":14},"2":{"name":"(anonymous_2)","decl":{"start":{"line":18,"column":4},"end":{"line":18,"column":5}},"loc":{"start":{"line":18,"column":34},"end":{"line":20,"column":5}},"line":18},"3":{"name":"(anonymous_3)","decl":{"start":{"line":22,"column":4},"end":{"line":22,"column":5}},"loc":{"start":{"line":22,"column":28},"end":{"line":24,"column":5}},"line":22}},"branchMap":{},"s":{"0":1,"1":1,"2":0,"3":0,"4":0,"5":0},"f":{"0":1,"1":0,"2":0,"3":0},"b":{},"_coverageSchema":"1a1c01bbd47fc00a2c39e90264f33305004495a9","hash":"07c69187fac1fa9ea66f061ea180fad32f40ab43"}
,"/home/guilherme_krause/dev/estacao-meteriologica/src/routes/autenticacaoRouter.js": {"path":"/home/guilherme_krause/dev/estacao-meteriologica/src/routes/autenticacaoRouter.js","statementMap":{"0":{"start":{"line":4,"column":15},"end":{"line":4,"column":31}},"1":{"start":{"line":6,"column":0},"end":{"line":6,"column":49}}},"fnMap":{},"branchMap":{},"s":{"0":2,"1":2},"f":{},"b":{},"_coverageSchema":"1a1c01bbd47fc00a2c39e90264f33305004495a9","hash":"7809edc89711fcab05f82a5a476a8e5358d2d2e4"}
,"/home/guilherme_krause/dev/estacao-meteriologica/src/routes/dadosRouter.js": {"path":"/home/guilherme_krause/dev/estacao-meteriologica/src/routes/dadosRouter.js","statementMap":{"0":{"start":{"line":4,"column":15},"end":{"line":4,"column":31}},"1":{"start":{"line":5,"column":0},"end":{"line":5,"column":35}},"2":{"start":{"line":6,"column":0},"end":{"line":6,"column":37}}},"fnMap":{},"branchMap":{},"s":{"0":2,"1":2,"2":2},"f":{},"b":{},"_coverageSchema":"1a1c01bbd47fc00a2c39e90264f33305004495a9","hash":"b8858c522d18e50eb62d03b8788fb3a7bc20b8fd"}
,"/home/guilherme_krause/dev/estacao-meteriologica/src/routes/estacaoRouter.js": {"path":"/home/guilherme_krause/dev/estacao-meteriologica/src/routes/estacaoRouter.js","statementMap":{"0":{"start":{"line":5,"column":15},"end":{"line":5,"column":31}},"1":{"start":{"line":6,"column":0},"end":{"line":6,"column":40}},"2":{"start":{"line":7,"column":0},"end":{"line":7,"column":49}},"3":{"start":{"line":8,"column":0},"end":{"line":8,"column":67}},"4":{"start":{"line":9,"column":0},"end":{"line":9,"column":61}},"5":{"start":{"line":10,"column":0},"end":{"line":10,"column":66}}},"fnMap":{},"branchMap":{},"s":{"0":2,"1":2,"2":2,"3":2,"4":2,"5":2},"f":{},"b":{},"_coverageSchema":"1a1c01bbd47fc00a2c39e90264f33305004495a9","hash":"036ed8f656ea708c305ab9c05e1b1f22b19a04d5"}
,"/home/guilherme_krause/dev/estacao-meteriologica/src/routes/index.js": {"path":"/home/guilherme_krause/dev/estacao-meteriologica/src/routes/index.js","statementMap":{"0":{"start":{"line":9,"column":15},"end":{"line":21,"column":1}},"1":{"start":{"line":10,"column":4},"end":{"line":12,"column":6}},"2":{"start":{"line":11,"column":8},"end":{"line":11,"column":88}},"3":{"start":{"line":14,"column":4},"end":{"line":20,"column":5}}},"fnMap":{"0":{"name":"(anonymous_0)","decl":{"start":{"line":9,"column":15},"end":{"line":9,"column":16}},"loc":{"start":{"line":9,"column":24},"end":{"line":21,"column":1}},"line":9},"1":{"name":"(anonymous_1)","decl":{"start":{"line":10,"column":23},"end":{"line":10,"column":24}},"loc":{"start":{"line":10,"column":37},"end":{"line":12,"column":5}},"line":10}},"branchMap":{},"s":{"0":2,"1":2,"2":0,"3":2},"f":{"0":2,"1":0},"b":{},"_coverageSchema":"1a1c01bbd47fc00a2c39e90264f33305004495a9","hash":"ca8a15bd4e0cf164a6b63de8fcc5b0ceeee6d5df"}
,"/home/guilherme_krause/dev/estacao-meteriologica/src/routes/usuarioRouter.js": {"path":"/home/guilherme_krause/dev/estacao-meteriologica/src/routes/usuarioRouter.js","statementMap":{"0":{"start":{"line":5,"column":15},"end":{"line":5,"column":31}},"1":{"start":{"line":7,"column":0},"end":{"line":7,"column":43}},"2":{"start":{"line":8,"column":0},"end":{"line":8,"column":65}},"3":{"start":{"line":9,"column":0},"end":{"line":9,"column":65}}},"fnMap":{},"branchMap":{},"s":{"0":2,"1":2,"2":2,"3":2},"f":{},"b":{},"_coverageSchema":"1a1c01bbd47fc00a2c39e90264f33305004495a9","hash":"14b24446150574fdf98ed17f0e2cdd75825f7a56"}
,"/home/guilherme_krause/dev/estacao-meteriologica/src/services/autenticacaoSevices.js": {"path":"/home/guilherme_krause/dev/estacao-meteriologica/src/services/autenticacaoSevices.js","statementMap":{"0":{"start":{"line":7,"column":25},"end":{"line":36,"column":3}},"1":{"start":{"line":8,"column":4},"end":{"line":35,"column":5}},"2":{"start":{"line":9,"column":26},"end":{"line":29,"column":8}},"3":{"start":{"line":21,"column":12},"end":{"line":24,"column":38}},"4":{"start":{"line":31,"column":29},"end":{"line":31,"column":63}},"5":{"start":{"line":32,"column":6},"end":{"line":32,"column":27}},"6":{"start":{"line":34,"column":6},"end":{"line":34,"column":17}},"7":{"start":{"line":39,"column":28},"end":{"line":49,"column":3}},"8":{"start":{"line":40,"column":4},"end":{"line":48,"column":5}},"9":{"start":{"line":41,"column":22},"end":{"line":41,"column":60}},"10":{"start":{"line":42,"column":6},"end":{"line":44,"column":7}},"11":{"start":{"line":43,"column":8},"end":{"line":43,"column":50}},"12":{"start":{"line":45,"column":6},"end":{"line":45,"column":20}},"13":{"start":{"line":47,"column":6},"end":{"line":47,"column":17}},"14":{"start":{"line":51,"column":22},"end":{"line":68,"column":3}},"15":{"start":{"line":52,"column":4},"end":{"line":67,"column":5}},"16":{"start":{"line":53,"column":30},"end":{"line":53,"column":60}},"17":{"start":{"line":54,"column":22},"end":{"line":54,"column":66}},"18":{"start":{"line":56,"column":31},"end":{"line":56,"column":38}},"19":{"start":{"line":57,"column":20},"end":{"line":57,"column":92}},"20":{"start":{"line":58,"column":6},"end":{"line":58,"column":18}},"21":{"start":{"line":61,"column":6},"end":{"line":66,"column":7}},"22":{"start":{"line":62,"column":30},"end":{"line":62,"column":70}},"23":{"start":{"line":62,"column":56},"end":{"line":62,"column":69}},"24":{"start":{"line":63,"column":8},"end":{"line":63,"column":27}},"25":{"start":{"line":65,"column":8},"end":{"line":65,"column":27}}},"fnMap":{"0":{"name":"(anonymous_0)","decl":{"start":{"line":7,"column":25},"end":{"line":7,"column":26}},"loc":{"start":{"line":7,"column":41},"end":{"line":36,"column":3}},"line":7},"1":{"name":"(anonymous_1)","decl":{"start":{"line":20,"column":10},"end":{"line":20,"column":11}},"loc":{"start":{"line":21,"column":12},"end":{"line":24,"column":38}},"line":21},"2":{"name":"(anonymous_2)","decl":{"start":{"line":39,"column":28},"end":{"line":39,"column":29}},"loc":{"start":{"line":39,"column":44},"end":{"line":49,"column":3}},"line":39},"3":{"name":"(anonymous_3)","decl":{"start":{"line":51,"column":22},"end":{"line":51,"column":23}},"loc":{"start":{"line":51,"column":38},"end":{"line":68,"column":3}},"line":51},"4":{"name":"(anonymous_4)","decl":{"start":{"line":62,"column":47},"end":{"line":62,"column":48}},"loc":{"start":{"line":62,"column":56},"end":{"line":62,"column":69}},"line":62}},"branchMap":{"0":{"loc":{"start":{"line":21,"column":12},"end":{"line":24,"column":38}},"type":"binary-expr","locations":[{"start":{"line":21,"column":12},"end":{"line":21,"column":31}},{"start":{"line":22,"column":12},"end":{"line":22,"column":31}},{"start":{"line":23,"column":12},"end":{"line":23,"column":31}},{"start":{"line":24,"column":12},"end":{"line":24,"column":38}}],"line":21},"1":{"loc":{"start":{"line":42,"column":6},"end":{"line":44,"column":7}},"type":"if","locations":[{"start":{"line":42,"column":6},"end":{"line":44,"column":7}},{"start":{},"end":{}}],"line":42},"2":{"loc":{"start":{"line":61,"column":6},"end":{"line":66,"column":7}},"type":"if","locations":[{"start":{"line":61,"column":6},"end":{"line":66,"column":7}},{"start":{"line":64,"column":13},"end":{"line":66,"column":7}}],"line":61}},"s":{"0":3,"1":7,"2":7,"3":4,"4":7,"5":1,"6":6,"7":3,"8":1,"9":1,"10":0,"11":0,"12":0,"13":0,"14":3,"15":0,"16":0,"17":0,"18":0,"19":0,"20":0,"21":0,"22":0,"23":0,"24":0,"25":0},"f":{"0":7,"1":4,"2":1,"3":0,"4":0},"b":{"0":[4,3,3,3],"1":[0,0],"2":[0,0]},"_coverageSchema":"1a1c01bbd47fc00a2c39e90264f33305004495a9","hash":"1333a78998030238e3369274a37f5b00db989cf5"}
,"/home/guilherme_krause/dev/estacao-meteriologica/src/services/dadosService.js": {"path":"/home/guilherme_krause/dev/estacao-meteriologica/src/services/dadosService.js","statementMap":{"0":{"start":{"line":6,"column":8},"end":{"line":44,"column":9}},"1":{"start":{"line":7,"column":33},"end":{"line":23,"column":14}},"2":{"start":{"line":24,"column":36},"end":{"line":24,"column":62}},"3":{"start":{"line":25,"column":29},"end":{"line":25,"column":76}},"4":{"start":{"line":26,"column":12},"end":{"line":30,"column":13}},"5":{"start":{"line":26,"column":39},"end":{"line":30,"column":13}},"6":{"start":{"line":31,"column":12},"end":{"line":31,"column":28}},"7":{"start":{"line":34,"column":12},"end":{"line":43,"column":13}},"8":{"start":{"line":35,"column":38},"end":{"line":35,"column":80}},"9":{"start":{"line":35,"column":66},"end":{"line":35,"column":79}},"10":{"start":{"line":36,"column":16},"end":{"line":40,"column":18}},"11":{"start":{"line":42,"column":16},"end":{"line":42,"column":28}},"12":{"start":{"line":47,"column":8},"end":{"line":84,"column":9}},"13":{"start":{"line":48,"column":32},"end":{"line":64,"column":14}},"14":{"start":{"line":65,"column":35},"end":{"line":65,"column":58}},"15":{"start":{"line":66,"column":29},"end":{"line":66,"column":67}},"16":{"start":{"line":67,"column":12},"end":{"line":71,"column":13}},"17":{"start":{"line":67,"column":27},"end":{"line":71,"column":13}},"18":{"start":{"line":72,"column":12},"end":{"line":72,"column":28}},"19":{"start":{"line":74,"column":12},"end":{"line":83,"column":13}},"20":{"start":{"line":75,"column":38},"end":{"line":75,"column":80}},"21":{"start":{"line":75,"column":66},"end":{"line":75,"column":79}},"22":{"start":{"line":76,"column":16},"end":{"line":80,"column":18}},"23":{"start":{"line":82,"column":16},"end":{"line":82,"column":28}}},"fnMap":{"0":{"name":"(anonymous_0)","decl":{"start":{"line":5,"column":4},"end":{"line":5,"column":5}},"loc":{"start":{"line":5,"column":32},"end":{"line":45,"column":5}},"line":5},"1":{"name":"(anonymous_1)","decl":{"start":{"line":35,"column":55},"end":{"line":35,"column":56}},"loc":{"start":{"line":35,"column":66},"end":{"line":35,"column":79}},"line":35},"2":{"name":"(anonymous_2)","decl":{"start":{"line":46,"column":4},"end":{"line":46,"column":5}},"loc":{"start":{"line":46,"column":31},"end":{"line":85,"column":5}},"line":46},"3":{"name":"(anonymous_3)","decl":{"start":{"line":75,"column":55},"end":{"line":75,"column":56}},"loc":{"start":{"line":75,"column":66},"end":{"line":75,"column":79}},"line":75}},"branchMap":{"0":{"loc":{"start":{"line":26,"column":12},"end":{"line":30,"column":13}},"type":"if","locations":[{"start":{"line":26,"column":12},"end":{"line":30,"column":13}},{"start":{},"end":{}}],"line":26},"1":{"loc":{"start":{"line":34,"column":12},"end":{"line":43,"column":13}},"type":"if","locations":[{"start":{"line":34,"column":12},"end":{"line":43,"column":13}},{"start":{"line":41,"column":19},"end":{"line":43,"column":13}}],"line":34},"2":{"loc":{"start":{"line":67,"column":12},"end":{"line":71,"column":13}},"type":"if","locations":[{"start":{"line":67,"column":12},"end":{"line":71,"column":13}},{"start":{},"end":{}}],"line":67},"3":{"loc":{"start":{"line":74,"column":12},"end":{"line":83,"column":13}},"type":"if","locations":[{"start":{"line":74,"column":12},"end":{"line":83,"column":13}},{"start":{"line":81,"column":19},"end":{"line":83,"column":13}}],"line":74}},"s":{"0":0,"1":0,"2":0,"3":0,"4":0,"5":0,"6":0,"7":0,"8":0,"9":0,"10":0,"11":0,"12":0,"13":0,"14":0,"15":0,"16":0,"17":0,"18":0,"19":0,"20":0,"21":0,"22":0,"23":0},"f":{"0":0,"1":0,"2":0,"3":0},"b":{"0":[0,0],"1":[0,0],"2":[0,0],"3":[0,0]},"_coverageSchema":"1a1c01bbd47fc00a2c39e90264f33305004495a9","hash":"c6f537027a15761f6e9eb65804846b4fb7a1f045"}
,"/home/guilherme_krause/dev/estacao-meteriologica/src/services/estacaoService.js": {"path":"/home/guilherme_krause/dev/estacao-meteriologica/src/services/estacaoService.js","statementMap":{"0":{"start":{"line":7,"column":8},"end":{"line":64,"column":9}},"1":{"start":{"line":8,"column":33},"end":{"line":44,"column":14}},"2":{"start":{"line":9,"column":42},"end":{"line":9,"column":53}},"3":{"start":{"line":22,"column":48},"end":{"line":22,"column":59}},"4":{"start":{"line":25,"column":49},"end":{"line":25,"column":60}},"5":{"start":{"line":37,"column":50},"end":{"line":37,"column":61}},"6":{"start":{"line":45,"column":36},"end":{"line":45,"column":62}},"7":{"start":{"line":46,"column":29},"end":{"line":46,"column":78}},"8":{"start":{"line":47,"column":12},"end":{"line":51,"column":13}},"9":{"start":{"line":47,"column":39},"end":{"line":51,"column":13}},"10":{"start":{"line":52,"column":12},"end":{"line":52,"column":27}},"11":{"start":{"line":54,"column":12},"end":{"line":63,"column":13}},"12":{"start":{"line":55,"column":38},"end":{"line":55,"column":80}},"13":{"start":{"line":55,"column":66},"end":{"line":55,"column":79}},"14":{"start":{"line":56,"column":16},"end":{"line":60,"column":18}},"15":{"start":{"line":62,"column":16},"end":{"line":62,"column":28}},"16":{"start":{"line":68,"column":8},"end":{"line":131,"column":9}},"17":{"start":{"line":69,"column":34},"end":{"line":105,"column":14}},"18":{"start":{"line":78,"column":48},"end":{"line":78,"column":59}},"19":{"start":{"line":82,"column":49},"end":{"line":82,"column":60}},"20":{"start":{"line":106,"column":37},"end":{"line":106,"column":62}},"21":{"start":{"line":108,"column":36},"end":{"line":108,"column":71}},"22":{"start":{"line":109,"column":28},"end":{"line":109,"column":77}},"23":{"start":{"line":110,"column":12},"end":{"line":114,"column":14}},"24":{"start":{"line":110,"column":38},"end":{"line":114,"column":14}},"25":{"start":{"line":117,"column":12},"end":{"line":130,"column":13}},"26":{"start":{"line":118,"column":38},"end":{"line":118,"column":80}},"27":{"start":{"line":118,"column":66},"end":{"line":118,"column":79}},"28":{"start":{"line":119,"column":16},"end":{"line":123,"column":18}},"29":{"start":{"line":125,"column":16},"end":{"line":129,"column":18}},"30":{"start":{"line":136,"column":8},"end":{"line":136,"column":56}},"31":{"start":{"line":141,"column":8},"end":{"line":141,"column":50}}},"fnMap":{"0":{"name":"(anonymous_0)","decl":{"start":{"line":6,"column":4},"end":{"line":6,"column":5}},"loc":{"start":{"line":6,"column":32},"end":{"line":65,"column":5}},"line":6},"1":{"name":"(anonymous_1)","decl":{"start":{"line":9,"column":33},"end":{"line":9,"column":34}},"loc":{"start":{"line":9,"column":42},"end":{"line":9,"column":53}},"line":9},"2":{"name":"(anonymous_2)","decl":{"start":{"line":22,"column":39},"end":{"line":22,"column":40}},"loc":{"start":{"line":22,"column":48},"end":{"line":22,"column":59}},"line":22},"3":{"name":"(anonymous_3)","decl":{"start":{"line":25,"column":40},"end":{"line":25,"column":41}},"loc":{"start":{"line":25,"column":49},"end":{"line":25,"column":60}},"line":25},"4":{"name":"(anonymous_4)","decl":{"start":{"line":37,"column":41},"end":{"line":37,"column":42}},"loc":{"start":{"line":37,"column":50},"end":{"line":37,"column":61}},"line":37},"5":{"name":"(anonymous_5)","decl":{"start":{"line":55,"column":55},"end":{"line":55,"column":56}},"loc":{"start":{"line":55,"column":66},"end":{"line":55,"column":79}},"line":55},"6":{"name":"(anonymous_6)","decl":{"start":{"line":67,"column":4},"end":{"line":67,"column":5}},"loc":{"start":{"line":67,"column":31},"end":{"line":132,"column":5}},"line":67},"7":{"name":"(anonymous_7)","decl":{"start":{"line":78,"column":39},"end":{"line":78,"column":40}},"loc":{"start":{"line":78,"column":48},"end":{"line":78,"column":59}},"line":78},"8":{"name":"(anonymous_8)","decl":{"start":{"line":82,"column":40},"end":{"line":82,"column":41}},"loc":{"start":{"line":82,"column":49},"end":{"line":82,"column":60}},"line":82},"9":{"name":"(anonymous_9)","decl":{"start":{"line":118,"column":55},"end":{"line":118,"column":56}},"loc":{"start":{"line":118,"column":66},"end":{"line":118,"column":79}},"line":118},"10":{"name":"(anonymous_10)","decl":{"start":{"line":134,"column":4},"end":{"line":134,"column":5}},"loc":{"start":{"line":134,"column":37},"end":{"line":137,"column":5}},"line":134},"11":{"name":"(anonymous_11)","decl":{"start":{"line":139,"column":4},"end":{"line":139,"column":5}},"loc":{"start":{"line":139,"column":29},"end":{"line":142,"column":5}},"line":139}},"branchMap":{"0":{"loc":{"start":{"line":47,"column":12},"end":{"line":51,"column":13}},"type":"if","locations":[{"start":{"line":47,"column":12},"end":{"line":51,"column":13}},{"start":{},"end":{}}],"line":47},"1":{"loc":{"start":{"line":54,"column":12},"end":{"line":63,"column":13}},"type":"if","locations":[{"start":{"line":54,"column":12},"end":{"line":63,"column":13}},{"start":{"line":61,"column":19},"end":{"line":63,"column":13}}],"line":54},"2":{"loc":{"start":{"line":110,"column":12},"end":{"line":114,"column":14}},"type":"if","locations":[{"start":{"line":110,"column":12},"end":{"line":114,"column":14}},{"start":{},"end":{}}],"line":110},"3":{"loc":{"start":{"line":117,"column":12},"end":{"line":130,"column":13}},"type":"if","locations":[{"start":{"line":117,"column":12},"end":{"line":130,"column":13}},{"start":{"line":124,"column":19},"end":{"line":130,"column":13}}],"line":117}},"s":{"0":0,"1":0,"2":0,"3":0,"4":0,"5":0,"6":0,"7":0,"8":0,"9":0,"10":0,"11":0,"12":0,"13":0,"14":0,"15":0,"16":0,"17":0,"18":0,"19":0,"20":0,"21":0,"22":0,"23":0,"24":0,"25":0,"26":0,"27":0,"28":0,"29":0,"30":0,"31":0},"f":{"0":0,"1":0,"2":0,"3":0,"4":0,"5":0,"6":0,"7":0,"8":0,"9":0,"10":0,"11":0},"b":{"0":[0,0],"1":[0,0],"2":[0,0],"3":[0,0]},"_coverageSchema":"1a1c01bbd47fc00a2c39e90264f33305004495a9","hash":"c03d02f496ba02ff61c91e262344f1c2e6e0bf0b"}
}
